<?xml version="1.0" encoding="UTF-8"?>
<testsuite xmlns:xsi="http://www.w3.org/2001/XMLSchema-instance" xsi:noNamespaceSchemaLocation="https://maven.apache.org/surefire/maven-surefire-plugin/xsd/surefire-test-report.xsd" name="com.example.springbootuniapptest.SpringbootUniappTestApplicationTests" time="6.348" tests="1" errors="0" skipped="0" failures="0">
  <properties>
    <property name="sun.desktop" value="windows"/>
    <property name="awt.toolkit" value="sun.awt.windows.WToolkit"/>
    <property name="file.encoding.pkg" value="sun.io"/>
    <property name="java.specification.version" value="1.8"/>
    <property name="sun.cpu.isalist" value="amd64"/>
    <property name="sun.jnu.encoding" value="GBK"/>
    <property name="java.class.path" value="C:\Users\www23\Desktop\idea项目\springboot-uniapp-test\target\test-classes;C:\Users\www23\Desktop\idea项目\springboot-uniapp-test\target\classes;E:\Maven_Cangku\maven_repository\org\springframework\boot\spring-boot-starter-data-jdbc\2.1.15.RELEASE\spring-boot-starter-data-jdbc-2.1.15.RELEASE.jar;E:\Maven_Cangku\maven_repository\org\springframework\data\spring-data-jdbc\1.0.18.RELEASE\spring-data-jdbc-1.0.18.RELEASE.jar;E:\Maven_Cangku\maven_repository\org\springframework\data\spring-data-commons\2.1.18.RELEASE\spring-data-commons-2.1.18.RELEASE.jar;E:\Maven_Cangku\maven_repository\org\springframework\spring-tx\5.1.16.RELEASE\spring-tx-5.1.16.RELEASE.jar;E:\Maven_Cangku\maven_repository\org\springframework\spring-context\5.1.16.RELEASE\spring-context-5.1.16.RELEASE.jar;E:\Maven_Cangku\maven_repository\org\springframework\spring-beans\5.1.16.RELEASE\spring-beans-5.1.16.RELEASE.jar;E:\Maven_Cangku\maven_repository\org\slf4j\slf4j-api\1.7.30\slf4j-api-1.7.30.jar;E:\Maven_Cangku\maven_repository\org\springframework\boot\spring-boot-starter-jdbc\2.1.15.RELEASE\spring-boot-starter-jdbc-2.1.15.RELEASE.jar;E:\Maven_Cangku\maven_repository\org\springframework\boot\spring-boot-starter\2.1.15.RELEASE\spring-boot-starter-2.1.15.RELEASE.jar;E:\Maven_Cangku\maven_repository\org\springframework\boot\spring-boot\2.1.15.RELEASE\spring-boot-2.1.15.RELEASE.jar;E:\Maven_Cangku\maven_repository\org\springframework\boot\spring-boot-autoconfigure\2.1.15.RELEASE\spring-boot-autoconfigure-2.1.15.RELEASE.jar;E:\Maven_Cangku\maven_repository\org\springframework\boot\spring-boot-starter-logging\2.1.15.RELEASE\spring-boot-starter-logging-2.1.15.RELEASE.jar;E:\Maven_Cangku\maven_repository\ch\qos\logback\logback-classic\1.2.3\logback-classic-1.2.3.jar;E:\Maven_Cangku\maven_repository\ch\qos\logback\logback-core\1.2.3\logback-core-1.2.3.jar;E:\Maven_Cangku\maven_repository\org\apache\logging\log4j\log4j-to-slf4j\2.11.2\log4j-to-slf4j-2.11.2.jar;E:\Maven_Cangku\maven_repository\org\apache\logging\log4j\log4j-api\2.11.2\log4j-api-2.11.2.jar;E:\Maven_Cangku\maven_repository\org\slf4j\jul-to-slf4j\1.7.30\jul-to-slf4j-1.7.30.jar;E:\Maven_Cangku\maven_repository\javax\annotation\javax.annotation-api\1.3.2\javax.annotation-api-1.3.2.jar;E:\Maven_Cangku\maven_repository\org\yaml\snakeyaml\1.23\snakeyaml-1.23.jar;E:\Maven_Cangku\maven_repository\com\zaxxer\HikariCP\3.2.0\HikariCP-3.2.0.jar;E:\Maven_Cangku\maven_repository\org\springframework\spring-jdbc\5.1.16.RELEASE\spring-jdbc-5.1.16.RELEASE.jar;E:\Maven_Cangku\maven_repository\org\springframework\boot\spring-boot-starter-web\2.1.15.RELEASE\spring-boot-starter-web-2.1.15.RELEASE.jar;E:\Maven_Cangku\maven_repository\org\springframework\boot\spring-boot-starter-json\2.1.15.RELEASE\spring-boot-starter-json-2.1.15.RELEASE.jar;E:\Maven_Cangku\maven_repository\com\fasterxml\jackson\core\jackson-databind\2.9.10.4\jackson-databind-2.9.10.4.jar;E:\Maven_Cangku\maven_repository\com\fasterxml\jackson\core\jackson-annotations\2.9.10\jackson-annotations-2.9.10.jar;E:\Maven_Cangku\maven_repository\com\fasterxml\jackson\core\jackson-core\2.9.10\jackson-core-2.9.10.jar;E:\Maven_Cangku\maven_repository\com\fasterxml\jackson\datatype\jackson-datatype-jdk8\2.9.10\jackson-datatype-jdk8-2.9.10.jar;E:\Maven_Cangku\maven_repository\com\fasterxml\jackson\datatype\jackson-datatype-jsr310\2.9.10\jackson-datatype-jsr310-2.9.10.jar;E:\Maven_Cangku\maven_repository\com\fasterxml\jackson\module\jackson-module-parameter-names\2.9.10\jackson-module-parameter-names-2.9.10.jar;E:\Maven_Cangku\maven_repository\org\springframework\boot\spring-boot-starter-tomcat\2.1.15.RELEASE\spring-boot-starter-tomcat-2.1.15.RELEASE.jar;E:\Maven_Cangku\maven_repository\org\apache\tomcat\embed\tomcat-embed-core\9.0.36\tomcat-embed-core-9.0.36.jar;E:\Maven_Cangku\maven_repository\org\apache\tomcat\embed\tomcat-embed-el\9.0.36\tomcat-embed-el-9.0.36.jar;E:\Maven_Cangku\maven_repository\org\apache\tomcat\embed\tomcat-embed-websocket\9.0.36\tomcat-embed-websocket-9.0.36.jar;E:\Maven_Cangku\maven_repository\org\hibernate\validator\hibernate-validator\6.0.20.Final\hibernate-validator-6.0.20.Final.jar;E:\Maven_Cangku\maven_repository\javax\validation\validation-api\2.0.1.Final\validation-api-2.0.1.Final.jar;E:\Maven_Cangku\maven_repository\org\jboss\logging\jboss-logging\3.3.3.Final\jboss-logging-3.3.3.Final.jar;E:\Maven_Cangku\maven_repository\com\fasterxml\classmate\1.4.0\classmate-1.4.0.jar;E:\Maven_Cangku\maven_repository\org\springframework\spring-web\5.1.16.RELEASE\spring-web-5.1.16.RELEASE.jar;E:\Maven_Cangku\maven_repository\org\springframework\spring-webmvc\5.1.16.RELEASE\spring-webmvc-5.1.16.RELEASE.jar;E:\Maven_Cangku\maven_repository\org\springframework\spring-aop\5.1.16.RELEASE\spring-aop-5.1.16.RELEASE.jar;E:\Maven_Cangku\maven_repository\org\springframework\spring-expression\5.1.16.RELEASE\spring-expression-5.1.16.RELEASE.jar;E:\Maven_Cangku\maven_repository\org\mybatis\spring\boot\mybatis-spring-boot-starter\2.1.3\mybatis-spring-boot-starter-2.1.3.jar;E:\Maven_Cangku\maven_repository\org\mybatis\spring\boot\mybatis-spring-boot-autoconfigure\2.1.3\mybatis-spring-boot-autoconfigure-2.1.3.jar;E:\Maven_Cangku\maven_repository\org\mybatis\mybatis\3.5.5\mybatis-3.5.5.jar;E:\Maven_Cangku\maven_repository\org\mybatis\mybatis-spring\2.0.5\mybatis-spring-2.0.5.jar;E:\Maven_Cangku\maven_repository\org\springframework\boot\spring-boot-starter-test\2.1.15.RELEASE\spring-boot-starter-test-2.1.15.RELEASE.jar;E:\Maven_Cangku\maven_repository\org\springframework\boot\spring-boot-test\2.1.15.RELEASE\spring-boot-test-2.1.15.RELEASE.jar;E:\Maven_Cangku\maven_repository\org\springframework\boot\spring-boot-test-autoconfigure\2.1.15.RELEASE\spring-boot-test-autoconfigure-2.1.15.RELEASE.jar;E:\Maven_Cangku\maven_repository\com\jayway\jsonpath\json-path\2.4.0\json-path-2.4.0.jar;E:\Maven_Cangku\maven_repository\net\minidev\json-smart\2.3\json-smart-2.3.jar;E:\Maven_Cangku\maven_repository\net\minidev\accessors-smart\1.2\accessors-smart-1.2.jar;E:\Maven_Cangku\maven_repository\org\ow2\asm\asm\5.0.4\asm-5.0.4.jar;E:\Maven_Cangku\maven_repository\junit\junit\4.12\junit-4.12.jar;E:\Maven_Cangku\maven_repository\org\assertj\assertj-core\3.11.1\assertj-core-3.11.1.jar;E:\Maven_Cangku\maven_repository\org\mockito\mockito-core\2.23.4\mockito-core-2.23.4.jar;E:\Maven_Cangku\maven_repository\net\bytebuddy\byte-buddy\1.9.16\byte-buddy-1.9.16.jar;E:\Maven_Cangku\maven_repository\net\bytebuddy\byte-buddy-agent\1.9.16\byte-buddy-agent-1.9.16.jar;E:\Maven_Cangku\maven_repository\org\objenesis\objenesis\2.6\objenesis-2.6.jar;E:\Maven_Cangku\maven_repository\org\hamcrest\hamcrest-core\1.3\hamcrest-core-1.3.jar;E:\Maven_Cangku\maven_repository\org\hamcrest\hamcrest-library\1.3\hamcrest-library-1.3.jar;E:\Maven_Cangku\maven_repository\org\skyscreamer\jsonassert\1.5.0\jsonassert-1.5.0.jar;E:\Maven_Cangku\maven_repository\com\vaadin\external\google\android-json\0.0.20131108.vaadin1\android-json-0.0.20131108.vaadin1.jar;E:\Maven_Cangku\maven_repository\org\springframework\spring-core\5.1.16.RELEASE\spring-core-5.1.16.RELEASE.jar;E:\Maven_Cangku\maven_repository\org\springframework\spring-jcl\5.1.16.RELEASE\spring-jcl-5.1.16.RELEASE.jar;E:\Maven_Cangku\maven_repository\org\springframework\spring-test\5.1.16.RELEASE\spring-test-5.1.16.RELEASE.jar;E:\Maven_Cangku\maven_repository\org\xmlunit\xmlunit-core\2.6.4\xmlunit-core-2.6.4.jar;E:\Maven_Cangku\maven_repository\log4j\log4j\1.2.17\log4j-1.2.17.jar;E:\Maven_Cangku\maven_repository\com\alibaba\druid\1.1.18\druid-1.1.18.jar;E:\Maven_Cangku\maven_repository\mysql\mysql-connector-java\8.0.20\mysql-connector-java-8.0.20.jar;E:\Maven_Cangku\maven_repository\commons-httpclient\commons-httpclient\3.1\commons-httpclient-3.1.jar;E:\Maven_Cangku\maven_repository\commons-logging\commons-logging\1.0.4\commons-logging-1.0.4.jar;E:\Maven_Cangku\maven_repository\commons-codec\commons-codec\1.11\commons-codec-1.11.jar;"/>
    <property name="java.vm.vendor" value="Oracle Corporation"/>
    <property name="sun.arch.data.model" value="64"/>
    <property name="user.variant" value=""/>
    <property name="java.vendor.url" value="http://java.oracle.com/"/>
    <property name="user.timezone" value="Asia/Shanghai"/>
    <property name="java.vm.specification.version" value="1.8"/>
    <property name="os.name" value="Windows 10"/>
    <property name="user.country" value="CN"/>
    <property name="sun.java.launcher" value="SUN_STANDARD"/>
    <property name="sun.boot.library.path" value="D:\jdk8\jre\bin"/>
    <property name="sun.java.command" value="C:\Users\www23\AppData\Local\Temp\surefire9026859873128795088\surefirebooter8112753467618009641.jar C:\Users\www23\AppData\Local\Temp\surefire9026859873128795088 2020-06-19T19-14-40_102-jvmRun1 surefire6614252430535005146tmp surefire_07694138223063765593tmp"/>
    <property name="surefire.test.class.path" value="C:\Users\www23\Desktop\idea项目\springboot-uniapp-test\target\test-classes;C:\Users\www23\Desktop\idea项目\springboot-uniapp-test\target\classes;E:\Maven_Cangku\maven_repository\org\springframework\boot\spring-boot-starter-data-jdbc\2.1.15.RELEASE\spring-boot-starter-data-jdbc-2.1.15.RELEASE.jar;E:\Maven_Cangku\maven_repository\org\springframework\data\spring-data-jdbc\1.0.18.RELEASE\spring-data-jdbc-1.0.18.RELEASE.jar;E:\Maven_Cangku\maven_repository\org\springframework\data\spring-data-commons\2.1.18.RELEASE\spring-data-commons-2.1.18.RELEASE.jar;E:\Maven_Cangku\maven_repository\org\springframework\spring-tx\5.1.16.RELEASE\spring-tx-5.1.16.RELEASE.jar;E:\Maven_Cangku\maven_repository\org\springframework\spring-context\5.1.16.RELEASE\spring-context-5.1.16.RELEASE.jar;E:\Maven_Cangku\maven_repository\org\springframework\spring-beans\5.1.16.RELEASE\spring-beans-5.1.16.RELEASE.jar;E:\Maven_Cangku\maven_repository\org\slf4j\slf4j-api\1.7.30\slf4j-api-1.7.30.jar;E:\Maven_Cangku\maven_repository\org\springframework\boot\spring-boot-starter-jdbc\2.1.15.RELEASE\spring-boot-starter-jdbc-2.1.15.RELEASE.jar;E:\Maven_Cangku\maven_repository\org\springframework\boot\spring-boot-starter\2.1.15.RELEASE\spring-boot-starter-2.1.15.RELEASE.jar;E:\Maven_Cangku\maven_repository\org\springframework\boot\spring-boot\2.1.15.RELEASE\spring-boot-2.1.15.RELEASE.jar;E:\Maven_Cangku\maven_repository\org\springframework\boot\spring-boot-autoconfigure\2.1.15.RELEASE\spring-boot-autoconfigure-2.1.15.RELEASE.jar;E:\Maven_Cangku\maven_repository\org\springframework\boot\spring-boot-starter-logging\2.1.15.RELEASE\spring-boot-starter-logging-2.1.15.RELEASE.jar;E:\Maven_Cangku\maven_repository\ch\qos\logback\logback-classic\1.2.3\logback-classic-1.2.3.jar;E:\Maven_Cangku\maven_repository\ch\qos\logback\logback-core\1.2.3\logback-core-1.2.3.jar;E:\Maven_Cangku\maven_repository\org\apache\logging\log4j\log4j-to-slf4j\2.11.2\log4j-to-slf4j-2.11.2.jar;E:\Maven_Cangku\maven_repository\org\apache\logging\log4j\log4j-api\2.11.2\log4j-api-2.11.2.jar;E:\Maven_Cangku\maven_repository\org\slf4j\jul-to-slf4j\1.7.30\jul-to-slf4j-1.7.30.jar;E:\Maven_Cangku\maven_repository\javax\annotation\javax.annotation-api\1.3.2\javax.annotation-api-1.3.2.jar;E:\Maven_Cangku\maven_repository\org\yaml\snakeyaml\1.23\snakeyaml-1.23.jar;E:\Maven_Cangku\maven_repository\com\zaxxer\HikariCP\3.2.0\HikariCP-3.2.0.jar;E:\Maven_Cangku\maven_repository\org\springframework\spring-jdbc\5.1.16.RELEASE\spring-jdbc-5.1.16.RELEASE.jar;E:\Maven_Cangku\maven_repository\org\springframework\boot\spring-boot-starter-web\2.1.15.RELEASE\spring-boot-starter-web-2.1.15.RELEASE.jar;E:\Maven_Cangku\maven_repository\org\springframework\boot\spring-boot-starter-json\2.1.15.RELEASE\spring-boot-starter-json-2.1.15.RELEASE.jar;E:\Maven_Cangku\maven_repository\com\fasterxml\jackson\core\jackson-databind\2.9.10.4\jackson-databind-2.9.10.4.jar;E:\Maven_Cangku\maven_repository\com\fasterxml\jackson\core\jackson-annotations\2.9.10\jackson-annotations-2.9.10.jar;E:\Maven_Cangku\maven_repository\com\fasterxml\jackson\core\jackson-core\2.9.10\jackson-core-2.9.10.jar;E:\Maven_Cangku\maven_repository\com\fasterxml\jackson\datatype\jackson-datatype-jdk8\2.9.10\jackson-datatype-jdk8-2.9.10.jar;E:\Maven_Cangku\maven_repository\com\fasterxml\jackson\datatype\jackson-datatype-jsr310\2.9.10\jackson-datatype-jsr310-2.9.10.jar;E:\Maven_Cangku\maven_repository\com\fasterxml\jackson\module\jackson-module-parameter-names\2.9.10\jackson-module-parameter-names-2.9.10.jar;E:\Maven_Cangku\maven_repository\org\springframework\boot\spring-boot-starter-tomcat\2.1.15.RELEASE\spring-boot-starter-tomcat-2.1.15.RELEASE.jar;E:\Maven_Cangku\maven_repository\org\apache\tomcat\embed\tomcat-embed-core\9.0.36\tomcat-embed-core-9.0.36.jar;E:\Maven_Cangku\maven_repository\org\apache\tomcat\embed\tomcat-embed-el\9.0.36\tomcat-embed-el-9.0.36.jar;E:\Maven_Cangku\maven_repository\org\apache\tomcat\embed\tomcat-embed-websocket\9.0.36\tomcat-embed-websocket-9.0.36.jar;E:\Maven_Cangku\maven_repository\org\hibernate\validator\hibernate-validator\6.0.20.Final\hibernate-validator-6.0.20.Final.jar;E:\Maven_Cangku\maven_repository\javax\validation\validation-api\2.0.1.Final\validation-api-2.0.1.Final.jar;E:\Maven_Cangku\maven_repository\org\jboss\logging\jboss-logging\3.3.3.Final\jboss-logging-3.3.3.Final.jar;E:\Maven_Cangku\maven_repository\com\fasterxml\classmate\1.4.0\classmate-1.4.0.jar;E:\Maven_Cangku\maven_repository\org\springframework\spring-web\5.1.16.RELEASE\spring-web-5.1.16.RELEASE.jar;E:\Maven_Cangku\maven_repository\org\springframework\spring-webmvc\5.1.16.RELEASE\spring-webmvc-5.1.16.RELEASE.jar;E:\Maven_Cangku\maven_repository\org\springframework\spring-aop\5.1.16.RELEASE\spring-aop-5.1.16.RELEASE.jar;E:\Maven_Cangku\maven_repository\org\springframework\spring-expression\5.1.16.RELEASE\spring-expression-5.1.16.RELEASE.jar;E:\Maven_Cangku\maven_repository\org\mybatis\spring\boot\mybatis-spring-boot-starter\2.1.3\mybatis-spring-boot-starter-2.1.3.jar;E:\Maven_Cangku\maven_repository\org\mybatis\spring\boot\mybatis-spring-boot-autoconfigure\2.1.3\mybatis-spring-boot-autoconfigure-2.1.3.jar;E:\Maven_Cangku\maven_repository\org\mybatis\mybatis\3.5.5\mybatis-3.5.5.jar;E:\Maven_Cangku\maven_repository\org\mybatis\mybatis-spring\2.0.5\mybatis-spring-2.0.5.jar;E:\Maven_Cangku\maven_repository\org\springframework\boot\spring-boot-starter-test\2.1.15.RELEASE\spring-boot-starter-test-2.1.15.RELEASE.jar;E:\Maven_Cangku\maven_repository\org\springframework\boot\spring-boot-test\2.1.15.RELEASE\spring-boot-test-2.1.15.RELEASE.jar;E:\Maven_Cangku\maven_repository\org\springframework\boot\spring-boot-test-autoconfigure\2.1.15.RELEASE\spring-boot-test-autoconfigure-2.1.15.RELEASE.jar;E:\Maven_Cangku\maven_repository\com\jayway\jsonpath\json-path\2.4.0\json-path-2.4.0.jar;E:\Maven_Cangku\maven_repository\net\minidev\json-smart\2.3\json-smart-2.3.jar;E:\Maven_Cangku\maven_repository\net\minidev\accessors-smart\1.2\accessors-smart-1.2.jar;E:\Maven_Cangku\maven_repository\org\ow2\asm\asm\5.0.4\asm-5.0.4.jar;E:\Maven_Cangku\maven_repository\junit\junit\4.12\junit-4.12.jar;E:\Maven_Cangku\maven_repository\org\assertj\assertj-core\3.11.1\assertj-core-3.11.1.jar;E:\Maven_Cangku\maven_repository\org\mockito\mockito-core\2.23.4\mockito-core-2.23.4.jar;E:\Maven_Cangku\maven_repository\net\bytebuddy\byte-buddy\1.9.16\byte-buddy-1.9.16.jar;E:\Maven_Cangku\maven_repository\net\bytebuddy\byte-buddy-agent\1.9.16\byte-buddy-agent-1.9.16.jar;E:\Maven_Cangku\maven_repository\org\objenesis\objenesis\2.6\objenesis-2.6.jar;E:\Maven_Cangku\maven_repository\org\hamcrest\hamcrest-core\1.3\hamcrest-core-1.3.jar;E:\Maven_Cangku\maven_repository\org\hamcrest\hamcrest-library\1.3\hamcrest-library-1.3.jar;E:\Maven_Cangku\maven_repository\org\skyscreamer\jsonassert\1.5.0\jsonassert-1.5.0.jar;E:\Maven_Cangku\maven_repository\com\vaadin\external\google\android-json\0.0.20131108.vaadin1\android-json-0.0.20131108.vaadin1.jar;E:\Maven_Cangku\maven_repository\org\springframework\spring-core\5.1.16.RELEASE\spring-core-5.1.16.RELEASE.jar;E:\Maven_Cangku\maven_repository\org\springframework\spring-jcl\5.1.16.RELEASE\spring-jcl-5.1.16.RELEASE.jar;E:\Maven_Cangku\maven_repository\org\springframework\spring-test\5.1.16.RELEASE\spring-test-5.1.16.RELEASE.jar;E:\Maven_Cangku\maven_repository\org\xmlunit\xmlunit-core\2.6.4\xmlunit-core-2.6.4.jar;E:\Maven_Cangku\maven_repository\log4j\log4j\1.2.17\log4j-1.2.17.jar;E:\Maven_Cangku\maven_repository\com\alibaba\druid\1.1.18\druid-1.1.18.jar;E:\Maven_Cangku\maven_repository\mysql\mysql-connector-java\8.0.20\mysql-connector-java-8.0.20.jar;E:\Maven_Cangku\maven_repository\commons-httpclient\commons-httpclient\3.1\commons-httpclient-3.1.jar;E:\Maven_Cangku\maven_repository\commons-logging\commons-logging\1.0.4\commons-logging-1.0.4.jar;E:\Maven_Cangku\maven_repository\commons-codec\commons-codec\1.11\commons-codec-1.11.jar;"/>
    <property name="sun.cpu.endian" value="little"/>
    <property name="user.home" value="C:\Users\www23"/>
    <property name="user.language" value="zh"/>
    <property name="java.specification.vendor" value="Oracle Corporation"/>
    <property name="java.home" value="D:\jdk8\jre"/>
    <property name="basedir" value="C:\Users\www23\Desktop\idea项目\springboot-uniapp-test"/>
    <property name="file.separator" value="\"/>
    <property name="line.separator" value="&#10;"/>
    <property name="java.vm.specification.vendor" value="Oracle Corporation"/>
    <property name="java.specification.name" value="Java Platform API Specification"/>
    <property name="java.awt.graphicsenv" value="sun.awt.Win32GraphicsEnvironment"/>
    <property name="surefire.real.class.path" value="C:\Users\www23\AppData\Local\Temp\surefire9026859873128795088\surefirebooter8112753467618009641.jar"/>
    <property name="sun.boot.class.path" value="D:\jdk8\jre\lib\resources.jar;D:\jdk8\jre\lib\rt.jar;D:\jdk8\jre\lib\sunrsasign.jar;D:\jdk8\jre\lib\jsse.jar;D:\jdk8\jre\lib\jce.jar;D:\jdk8\jre\lib\charsets.jar;D:\jdk8\jre\lib\jfr.jar;D:\jdk8\jre\classes"/>
    <property name="user.script" value=""/>
    <property name="sun.management.compiler" value="HotSpot 64-Bit Tiered Compilers"/>
    <property name="java.runtime.version" value="1.8.0_161-b12"/>
    <property name="user.name" value="www23"/>
    <property name="path.separator" value=";"/>
    <property name="os.version" value="10.0"/>
    <property name="java.endorsed.dirs" value="D:\jdk8\jre\lib\endorsed"/>
    <property name="java.runtime.name" value="Java(TM) SE Runtime Environment"/>
    <property name="file.encoding" value="GBK"/>
    <property name="java.vm.name" value="Java HotSpot(TM) 64-Bit Server VM"/>
    <property name="localRepository" value="E:\Maven_Cangku\maven_repository"/>
    <property name="java.vendor.url.bug" value="http://bugreport.sun.com/bugreport/"/>
    <property name="java.io.tmpdir" value="C:\Users\www23\AppData\Local\Temp\"/>
    <property name="java.version" value="1.8.0_161"/>
    <property name="user.dir" value="C:\Users\www23\Desktop\idea项目\springboot-uniapp-test"/>
    <property name="os.arch" value="amd64"/>
    <property name="java.vm.specification.name" value="Java Virtual Machine Specification"/>
    <property name="java.awt.printerjob" value="sun.awt.windows.WPrinterJob"/>
    <property name="sun.os.patch.level" value=""/>
    <property name="idea.version2019.3.3" value="true"/>
    <property name="java.library.path" value="D:\jdk8\jre\bin;C:\WINDOWS\Sun\Java\bin;C:\WINDOWS\system32;C:\WINDOWS;D:\XFtp\;D:\XShell\;C:\Program Files\NVIDIA GPU Computing Toolkit\CUDA\v9.0\bin;C:\Program Files\NVIDIA GPU Computing Toolkit\CUDA\v9.0\libnvvp;C:\ProgramData\Oracle\Java\javapath;C:\WINDOWS\system32;C:\WINDOWS;C:\WINDOWS\System32\Wbem;C:\WINDOWS\System32\WindowsPowerShell\v1.0\;C:\Program Files\IDM Computer Solutions\UltraEdit;C:\WINDOWS\System32\OpenSSH\;C:\Program Files\Intel\WiFi\bin\;C:\Program Files\Common Files\Intel\WirelessCommon\;D:\node.js\;C:\Program Files (x86)\NVIDIA Corporation\PhysX\Common;C:\Program Files\Microsoft SQL Server\130\Tools\Binn\;D:\git\Git\cmd;D:\putty\;D:\winscp\WinSCP\;D:\mysql-5.7.30-winx64\bin;D:\apache-maven-3.6.3-bin\apache-maven-3.6.3\bin;D:\python3.6.5\Scripts\;D:\python3.6.5\;C:\Users\www23\AppData\Local\Programs\Python\Launcher\;C:\Users\www23\AppData\Local\Microsoft\WindowsApps;C:\Program Files\JetBrains\PyCharm Community Edition 2019.1.1\bin;;D:\jdk8\bin;D:\sqljdbc42.jar;D:\node.js\node_global;D:\MongoDB\bin;C:\Users\www23\AppData\Local\Programs\Python\Python35\Lib\site-packages;D:\jdk8\jre\bin;;D:\idea2019\IntelliJ IDEA 2019.3.3\bin;;."/>
    <property name="java.vm.info" value="mixed mode"/>
    <property name="java.vendor" value="Oracle Corporation"/>
    <property name="java.vm.version" value="25.161-b12"/>
    <property name="java.ext.dirs" value="D:\jdk8\jre\lib\ext;C:\WINDOWS\Sun\Java\lib\ext"/>
    <property name="sun.io.unicode.encoding" value="UnicodeLittle"/>
    <property name="maven.repo.local" value="E:\Maven_Cangku\maven_repository"/>
    <property name="java.class.version" value="52.0"/>
  </properties>
  <testcase name="contextLoads" classname="com.example.springbootuniapptest.SpringbootUniappTestApplicationTests" time="0.368"/>
</testsuite>